app/build/outputs/logs/manifest-merger-debug-report.txt
-- Merging decision tree log ---
manifest
ADDED from src/main/AndroidManifest.xml:2:1-67:12
	package
		ADDED from src/main/AndroidManifest.xml:3:5-43
		INJECTED from src/main/AndroidManifest.xml
		INJECTED from src/main/AndroidManifest.xml
	android:versionName
		INJECTED from src/main/AndroidManifest.xml
		INJECTED from src/main/AndroidManifest.xml
	xmlns:android
		ADDED from src/main/AndroidManifest.xml:2:11-69
	android:versionCode
		INJECTED from src/main/AndroidManifest.xml
		INJECTED from src/main/AndroidManifest.xml
uses-permission#android.permission.INTERNET
ADDED from src/main/AndroidManifest.xml:5:5-67
MERGED from [com.google.android.gms:play-services-maps:10.2.1] AndroidManifest.xml:20:5-66
	android:name
		ADDED from src/main/AndroidManifest.xml:5:22-64
uses-permission#android.permission.ACCESS_NETWORK_STATE
ADDED from src/main/AndroidManifest.xml:6:5-79
MERGED from [com.google.android.gms:play-services-maps:10.2.1] AndroidManifest.xml:19:5-78
	android:name
		ADDED from src/main/AndroidManifest.xml:6:22-76
uses-permission#android.permission.READ_EXTERNAL_STORAGE
ADDED from src/main/AndroidManifest.xml:7:5-80
	android:name
		ADDED from src/main/AndroidManifest.xml:7:22-77
uses-permission#android.permission.WRITE_EXTERNAL_STORAGE
ADDED from src/main/AndroidManifest.xml:8:5-81
	android:name
		ADDED from src/main/AndroidManifest.xml:8:22-78
uses-permission#android.permission.ACCESS_FINE_LOCATION
ADDED from src/main/AndroidManifest.xml:15:5-79
	android:name
		ADDED from src/main/AndroidManifest.xml:15:22-76
application
ADDED from src/main/AndroidManifest.xml:17:5-65:19
MERGED from [com.android.support:design:25.3.1] AndroidManifest.xml:29:5-20
MERGED from [com.android.support:transition:25.3.1] AndroidManifest.xml:26:5-20
MERGED from [com.android.support:cardview-v7:25.3.1] AndroidManifest.xml:26:5-20
MERGED from [com.android.support.constraint:constraint-layout:1.0.2] AndroidManifest.xml:9:5-20
MERGED from [com.android.volley:volley:1.0.0] AndroidManifest.xml:9:5-20
MERGED from [com.facebook.android:facebook-android-sdk:4.0.0] AndroidManifest.xml:28:5-20
MERGED from [com.google.android.gms:play-services-maps:10.2.1] AndroidManifest.xml:24:5-19
MERGED from [com.google.android.gms:play-services-base:10.2.1] AndroidManifest.xml:18:5-20:19
MERGED from [com.google.android.gms:play-services-tasks:10.2.1] AndroidManifest.xml:4:5-19
MERGED from [com.google.android.gms:play-services-basement:10.2.1] AndroidManifest.xml:19:5-21:19
MERGED from [com.android.support:appcompat-v7:25.3.1] AndroidManifest.xml:29:5-20
MERGED from [com.android.support:support-v4:25.3.1] AndroidManifest.xml:29:5-20
MERGED from [com.android.support:support-fragment:25.3.1] AndroidManifest.xml:29:5-20
MERGED from [com.android.support:support-media-compat:25.3.1] AndroidManifest.xml:29:5-20
MERGED from [com.android.support:support-core-ui:25.3.1] AndroidManifest.xml:29:5-20
MERGED from [com.android.support:support-core-utils:25.3.1] AndroidManifest.xml:29:5-20
MERGED from [com.android.support:animated-vector-drawable:25.3.1] AndroidManifest.xml:26:5-20
MERGED from [com.android.support:support-vector-drawable:25.3.1] AndroidManifest.xml:26:5-20
MERGED from [com.android.support:support-compat:25.3.1] AndroidManifest.xml:29:5-20
	android:label
		ADDED from src/main/AndroidManifest.xml:20:9-41
	android:supportsRtl
		ADDED from src/main/AndroidManifest.xml:22:9-35
	android:roundIcon
		ADDED from src/main/AndroidManifest.xml:21:9-54
	android:allowBackup
		ADDED from src/main/AndroidManifest.xml:18:9-35
	android:icon
		ADDED from src/main/AndroidManifest.xml:19:9-43
	android:theme
		ADDED from src/main/AndroidManifest.xml:23:9-40
activity#com.example.arunmannuru.arun.MainActivity
ADDED from src/main/AndroidManifest.xml:24:9-30:20
	android:name
		ADDED from src/main/AndroidManifest.xml:24:19-47
intent-filter#android.intent.action.MAIN+android.intent.category.LAUNCHER
ADDED from src/main/AndroidManifest.xml:25:13-29:29
action#android.intent.action.MAIN
ADDED from src/main/AndroidManifest.xml:26:17-69
	android:name
		ADDED from src/main/AndroidManifest.xml:26:25-66
category#android.intent.category.LAUNCHER
ADDED from src/main/AndroidManifest.xml:28:17-77
	android:name
		ADDED from src/main/AndroidManifest.xml:28:27-74
activity#com.example.arunmannuru.arun.ResponseActivity
ADDED from src/main/AndroidManifest.xml:31:9-54
	android:name
		ADDED from src/main/AndroidManifest.xml:31:19-51
activity#com.example.arunmannuru.arun.PromotionsFeedActivity
ADDED from src/main/AndroidManifest.xml:32:9-60
	android:name
		ADDED from src/main/AndroidManifest.xml:32:19-57
activity#com.example.arunmannuru.arun.Main2Activity
ADDED from src/main/AndroidManifest.xml:33:9-36:47
	android:label
		ADDED from src/main/AndroidManifest.xml:35:13-57
	android:theme
		ADDED from src/main/AndroidManifest.xml:36:13-44
	android:name
		ADDED from src/main/AndroidManifest.xml:34:13-42
activity#com.example.arunmannuru.arun.AddNewEvent
ADDED from src/main/AndroidManifest.xml:37:9-49
	android:name
		ADDED from src/main/AndroidManifest.xml:37:19-46
activity#com.example.arunmannuru.arun.Detail_PromotionFeed
ADDED from src/main/AndroidManifest.xml:38:9-58
	android:name
		ADDED from src/main/AndroidManifest.xml:38:19-55
activity#com.example.arunmannuru.arun.Profile
ADDED from src/main/AndroidManifest.xml:39:9-45
	android:name
		ADDED from src/main/AndroidManifest.xml:39:19-42
activity#com.example.arunmannuru.arun.Settings
ADDED from src/main/AndroidManifest.xml:40:9-46
	android:name
		ADDED from src/main/AndroidManifest.xml:40:19-43
activity#com.example.arunmannuru.arun.Search
ADDED from src/main/AndroidManifest.xml:41:9-44
	android:name
		ADDED from src/main/AndroidManifest.xml:41:19-41
activity#com.example.arunmannuru.arun.SearchFeedActivity
ADDED from src/main/AndroidManifest.xml:42:9-56
	android:name
		ADDED from src/main/AndroidManifest.xml:42:19-53
activity#com.example.arunmannuru.arun.SignUpActivity
ADDED from src/main/AndroidManifest.xml:43:9-52
	android:name
		ADDED from src/main/AndroidManifest.xml:43:19-49
activity#com.example.arunmannuru.arun.CalendarActivity
ADDED from src/main/AndroidManifest.xml:44:9-54
	android:name
		ADDED from src/main/AndroidManifest.xml:44:19-51
activity#com.example.arunmannuru.arun.CommunityActivity
ADDED from src/main/AndroidManifest.xml:45:9-55
	android:name
		ADDED from src/main/AndroidManifest.xml:45:19-52
activity#com.example.arunmannuru.arun.ConnectBusinessActivity
ADDED from src/main/AndroidManifest.xml:46:9-60
	android:name
		ADDED from src/main/AndroidManifest.xml:46:19-58
activity#com.example.arunmannuru.arun.BusinessProfile
ADDED from src/main/AndroidManifest.xml:47:9-52
	android:name
		ADDED from src/main/AndroidManifest.xml:47:19-50
activity#com.example.arunmannuru.arun.EventPost
ADDED from src/main/AndroidManifest.xml:48:9-46
	android:name
		ADDED from src/main/AndroidManifest.xml:48:19-44
activity#com.example.arunmannuru.arun.MediaActivity
ADDED from src/main/AndroidManifest.xml:49:9-50
	android:name
		ADDED from src/main/AndroidManifest.xml:49:19-48
meta-data#com.google.android.geo.API_KEY
ADDED from src/main/AndroidManifest.xml:58:9-60:55
	android:value
		ADDED from src/main/AndroidManifest.xml:60:13-52
	android:name
		ADDED from src/main/AndroidManifest.xml:59:13-58
activity#com.example.arunmannuru.arun.map_search
ADDED from src/main/AndroidManifest.xml:62:9-64:74
	android:label
		ADDED from src/main/AndroidManifest.xml:64:13-62
	android:name
		ADDED from src/main/AndroidManifest.xml:63:13-39
uses-sdk
INJECTED from src/main/AndroidManifest.xml reason: use-sdk injection requested
MERGED from [com.android.support:design:25.3.1] AndroidManifest.xml:21:5-23:62
MERGED from [com.android.support:transition:25.3.1] AndroidManifest.xml:20:5-44
MERGED from [com.android.support:cardview-v7:25.3.1] AndroidManifest.xml:20:5-43
MERGED from [com.android.support:recyclerview-v7:25.3.1] AndroidManifest.xml:20:5-43
MERGED from [com.android.support.constraint:constraint-layout:1.0.2] AndroidManifest.xml:5:5-7:41
MERGED from [com.android.volley:volley:1.0.0] AndroidManifest.xml:7:5-43
MERGED from [com.facebook.android:facebook-android-sdk:4.0.0] AndroidManifest.xml:24:5-26:41
MERGED from [com.google.android.gms:play-services-maps:10.2.1] AndroidManifest.xml:23:5-43
MERGED from [com.google.android.gms:play-services-base:10.2.1] AndroidManifest.xml:17:5-43
MERGED from [com.google.android.gms:play-services-tasks:10.2.1] AndroidManifest.xml:3:5-43
MERGED from [com.google.android.gms:play-services-basement:10.2.1] AndroidManifest.xml:17:5-43
MERGED from [com.github.florent37:singledateandtimepicker:1.1.0] AndroidManifest.xml:8:5-10:41
MERGED from [com.android.support:appcompat-v7:25.3.1] AndroidManifest.xml:21:5-23:78
MERGED from [com.android.support:support-v4:25.3.1] AndroidManifest.xml:21:5-23:54
MERGED from [com.android.support:support-fragment:25.3.1] AndroidManifest.xml:21:5-23:60
MERGED from [com.android.support:support-media-compat:25.3.1] AndroidManifest.xml:21:5-23:63
MERGED from [com.android.support:support-core-ui:25.3.1] AndroidManifest.xml:21:5-23:58
MERGED from [com.android.support:support-core-utils:25.3.1] AndroidManifest.xml:21:5-23:61
MERGED from [com.android.support:animated-vector-drawable:25.3.1] AndroidManifest.xml:20:5-44
MERGED from [com.android.support:support-vector-drawable:25.3.1] AndroidManifest.xml:20:5-43
MERGED from [com.android.support:support-compat:25.3.1] AndroidManifest.xml:21:5-23:58
	tools:overrideLibrary
		ADDED from [com.android.support:design:25.3.1] AndroidManifest.xml:23:9-59
	android:targetSdkVersion
		INJECTED from src/main/AndroidManifest.xml
		INJECTED from src/main/AndroidManifest.xml
	android:minSdkVersion
		INJECTED from src/main/AndroidManifest.xml
		INJECTED from src/main/AndroidManifest.xml
meta-data#android.support.VERSION
ADDED from [com.android.support:design:25.3.1] AndroidManifest.xml:25:5-27:34
MERGED from [com.android.support:transition:25.3.1] AndroidManifest.xml:22:5-24:34
MERGED from [com.android.support:cardview-v7:25.3.1] AndroidManifest.xml:22:5-24:34
MERGED from [com.android.support:recyclerview-v7:25.3.1] AndroidManifest.xml:22:5-24:34
MERGED from [com.android.support:appcompat-v7:25.3.1] AndroidManifest.xml:25:5-27:34
MERGED from [com.android.support:support-v4:25.3.1] AndroidManifest.xml:25:5-27:34
MERGED from [com.android.support:support-fragment:25.3.1] AndroidManifest.xml:25:5-27:34
MERGED from [com.android.support:support-media-compat:25.3.1] AndroidManifest.xml:25:5-27:34
MERGED from [com.android.support:support-core-ui:25.3.1] AndroidManifest.xml:25:5-27:34
MERGED from [com.android.support:support-core-utils:25.3.1] AndroidManifest.xml:25:5-27:34
MERGED from [com.android.support:animated-vector-drawable:25.3.1] AndroidManifest.xml:22:5-24:34
MERGED from [com.android.support:support-vector-drawable:25.3.1] AndroidManifest.xml:22:5-24:34
MERGED from [com.android.support:support-compat:25.3.1] AndroidManifest.xml:25:5-27:34
	android:value
		ADDED from [com.android.support:design:25.3.1] AndroidManifest.xml:27:9-31
	android:name
		ADDED from [com.android.support:design:25.3.1] AndroidManifest.xml:26:9-47
uses-feature#0x00020000
ADDED from [com.google.android.gms:play-services-maps:10.2.1] AndroidManifest.xml:21:5-77
	android:glEsVersion
		ADDED from [com.google.android.gms:play-services-maps:10.2.1] AndroidManifest.xml:21:19-51
	android:required
		ADDED from [com.google.android.gms:play-services-maps:10.2.1] AndroidManifest.xml:21:52-75
activity#com.google.android.gms.common.api.GoogleApiActivity
ADDED from [com.google.android.gms:play-services-base:10.2.1] AndroidManifest.xml:19:9-172
	android:exported
		ADDED from [com.google.android.gms:play-services-base:10.2.1] AndroidManifest.xml:19:146-170
	android:theme
		ADDED from [com.google.android.gms:play-services-base:10.2.1] AndroidManifest.xml:19:86-145
	android:name
		ADDED from [com.google.android.gms:play-services-base:10.2.1] AndroidManifest.xml:19:19-85
meta-data#com.google.android.gms.version
ADDED from [com.google.android.gms:play-services-basement:10.2.1] AndroidManifest.xml:20:9-121
	android:value
		ADDED from [com.google.android.gms:play-services-basement:10.2.1] AndroidManifest.xml:20:66-119
	android:name
		ADDED from [com.google.android.gms:play-services-basement:10.2.1] AndroidManifest.xml:20:20-65